<?xml version="1.0" encoding="UTF-8"?>
<!-- Generated by org.testng.reporters.JUnitReportReporter -->
<testsuite hostname="USMUMRUAGARWAL4" failures="0" tests="1" name="example.LatestTest" time="10.353" errors="0" timestamp="21 Sep 2019 16:21:39 GMT">
  <testcase classname="example.LatestTest" name="f" time="10.353"/>
</testsuite> <!-- example.LatestTest -->
